{"/home/ansan/Documents/code/itx-maps/src/App.tsx": {"path":"/home/ansan/Documents/code/itx-maps/src/App.tsx","statementMap":{"0":{"start":{"line":1,"column":12},"end":{"line":3,"column":1}},"1":{"start":{"line":2,"column":2},"end":{"line":2,"column":37}}},"fnMap":{"0":{"name":"(anonymous_0)","decl":{"start":{"line":1,"column":12},"end":{"line":1,"column":13}},"loc":{"start":{"line":1,"column":18},"end":{"line":3,"column":1}},"line":1}},"branchMap":{},"s":{"0":0,"1":0},"f":{"0":0},"b":{}}
,"/home/ansan/Documents/code/itx-maps/src/main.tsx": {"path":"/home/ansan/Documents/code/itx-maps/src/main.tsx","statementMap":{"0":{"start":{"line":6,"column":0},"end":{"line":11,"column":2}}},"fnMap":{},"branchMap":{},"s":{"0":0},"f":{},"b":{}}
,"/home/ansan/Documents/code/itx-maps/src/components/Sample/Sample.tsx": {"path":"/home/ansan/Documents/code/itx-maps/src/components/Sample/Sample.tsx","statementMap":{"0":{"start":{"line":27,"column":32},"end":{"line":35,"column":1}},"1":{"start":{"line":28,"column":19},"end":{"line":28,"column":37}},"2":{"start":{"line":29,"column":17},"end":{"line":29,"column":38}},"3":{"start":{"line":30,"column":2},"end":{"line":34,"column":4}}},"fnMap":{"0":{"name":"(anonymous_0)","decl":{"start":{"line":27,"column":32},"end":{"line":27,"column":33}},"loc":{"start":{"line":27,"column":85},"end":{"line":35,"column":1}},"line":27}},"branchMap":{"0":{"loc":{"start":{"line":27,"column":35},"end":{"line":27,"column":57}},"type":"default-arg","locations":[{"start":{"line":27,"column":44},"end":{"line":27,"column":57}}],"line":27},"1":{"loc":{"start":{"line":29,"column":17},"end":{"line":29,"column":38}},"type":"binary-expr","locations":[{"start":{"line":29,"column":17},"end":{"line":29,"column":26}},{"start":{"line":29,"column":30},"end":{"line":29,"column":38}}],"line":29}},"s":{"0":1,"1":1,"2":1,"3":1},"f":{"0":1},"b":{"0":[1],"1":[1,1]},"_coverageSchema":"1a1c01bbd47fc00a2c39e90264f33305004495a9","hash":"e2e07bbb6f71a1b7f13c79bc5412a1e07056a843"}
}
